
> react-kavia@0.1.0 start
> react-scripts start

(node:522) [DEP_WEBPACK_DEV_SERVER_ON_AFTER_SETUP_MIDDLEWARE] DeprecationWarning: 'onAfterSetupMiddleware' option is deprecated. Please use the 'setupMiddlewares' option.
(Use `node --trace-deprecation ...` to show where the warning was created)
(node:522) [DEP_WEBPACK_DEV_SERVER_ON_BEFORE_SETUP_MIDDLEWARE] DeprecationWarning: 'onBeforeSetupMiddleware' option is deprecated. Please use the 'setupMiddlewares' option.
Starting the development server...

Compiled successfully!

You can now view react-kavia in the browser.

  Local:            http://localhost:3000
  On Your Network:  http://172.17.0.2:3000

Note that the development build is not optimized.
To create a production build, use npm run build.

webpack compiled successfully
Compiling...
Compiled successfully!
webpack compiled successfully
Compiling...
Compiled successfully!
webpack compiled successfully
Compiling...
Compiled with warnings.

[eslint] 
src/components/SmoothNav/index.js
  Line 29:11:  'theme' is assigned a value but never used        no-unused-vars
  Line 29:18:  'toggleTheme' is assigned a value but never used  no-unused-vars

Search for the keywords to learn more about each warning.
To ignore, add // eslint-disable-next-line to the line before.

WARNING in [eslint] 
src/components/SmoothNav/index.js
  Line 29:11:  'theme' is assigned a value but never used        no-unused-vars
  Line 29:18:  'toggleTheme' is assigned a value but never used  no-unused-vars

webpack compiled with 1 warning
Compiling...
Compiled successfully!
webpack compiled successfully
Compiling...
Compiled successfully!
webpack compiled successfully
Compiling...
Compiled successfully!
webpack compiled successfully
Compiling...
Compiled successfully!
webpack compiled successfully
Compiling...
Compiled successfully!
webpack compiled successfully
Compiling...
Compiled successfully!
webpack compiled successfully
Compiling...
Compiled successfully!
webpack compiled successfully
Compiling...
Compiled successfully!
webpack compiled successfully
Compiling...
Failed to compile.

[eslint] 
src/components/SmoothNav/index.js
Syntax error: Unexpected token (31:0) (31:undefined)
ERROR in ./src/components/SmoothNav/index.js
Module build failed (from ./node_modules/babel-loader/lib/index.js):
SyntaxError: /home/kavia/workspace/code-generation/smoothnav-6878-6893/main_container_for_smoothnav/src/components/SmoothNav/index.js: Unexpected token (31:0)

  29 |   // Theme is used in the JSX below for conditional rendering
  30 |   const { theme, toggleTheme } = useThemeToggle(defaultTheme);
> 31 | =======
     | ^
  32 |
  33 |   // Close mobile menu when window is resized beyond mobile breakpoint
  34 |   useEffect(() => {
    at constructor (/home/kavia/workspace/code-generation/smoothnav-6878-6893/main_container_for_smoothnav/node_modules/@babel/parser/lib/index.js:360:19)
    at FlowParserMixin.raise (/home/kavia/workspace/code-generation/smoothnav-6878-6893/main_container_for_smoothnav/node_modules/@babel/parser/lib/index.js:3327:19)
    at FlowParserMixin.unexpected (/home/kavia/workspace/code-generation/smoothnav-6878-6893/main_container_for_smoothnav/node_modules/@babel/parser/lib/index.js:3347:16)
    at FlowParserMixin.parseExprAtom (/home/kavia/workspace/code-generation/smoothnav-6878-6893/main_container_for_smoothnav/node_modules/@babel/parser/lib/index.js:11126:16)
    at FlowParserMixin.parseExprAtom (/home/kavia/workspace/code-generation/smoothnav-6878-6893/main_container_for_smoothnav/node_modules/@babel/parser/lib/index.js:6937:20)
    at FlowParserMixin.parseExprSubscripts (/home/kavia/workspace/code-generation/smoothnav-6878-6893/main_container_for_smoothnav/node_modules/@babel/parser/lib/index.js:10758:23)
    at FlowParserMixin.parseUpdate (/home/kavia/workspace/code-generation/smoothnav-6878-6893/main_container_for_smoothnav/node_modules/@babel/parser/lib/index.js:10743:21)
    at FlowParserMixin.parseMaybeUnary (/home/kavia/workspace/code-generation/smoothnav-6878-6893/main_container_for_smoothnav/node_modules/@babel/parser/lib/index.js:10723:23)
    at FlowParserMixin.parseMaybeUnaryOrPrivate (/home/kavia/workspace/code-generation/smoothnav-6878-6893/main_container_for_smoothnav/node_modules/@babel/parser/lib/index.js:10576:61)
    at FlowParserMixin.parseExprOps (/home/kavia/workspace/code-generation/smoothnav-6878-6893/main_container_for_smoothnav/node_modules/@babel/parser/lib/index.js:10581:23)
    at FlowParserMixin.parseMaybeConditional (/home/kavia/workspace/code-generation/smoothnav-6878-6893/main_container_for_smoothnav/node_modules/@babel/parser/lib/index.js:10558:23)
    at FlowParserMixin.parseMaybeAssign (/home/kavia/workspace/code-generation/smoothnav-6878-6893/main_container_for_smoothnav/node_modules/@babel/parser/lib/index.js:10521:21)
    at FlowParserMixin.parseMaybeAssign (/home/kavia/workspace/code-generation/smoothnav-6878-6893/main_container_for_smoothnav/node_modules/@babel/parser/lib/index.js:5773:18)
    at FlowParserMixin.parseExpressionBase (/home/kavia/workspace/code-generation/smoothnav-6878-6893/main_container_for_smoothnav/node_modules/@babel/parser/lib/index.js:10475:23)
    at /home/kavia/workspace/code-generation/smoothnav-6878-6893/main_container_for_smoothnav/node_modules/@babel/parser/lib/index.js:10471:39
    at FlowParserMixin.allowInAnd (/home/kavia/workspace/code-generation/smoothnav-6878-6893/main_container_for_smoothnav/node_modules/@babel/parser/lib/index.js:12095:16)
    at FlowParserMixin.parseExpression (/home/kavia/workspace/code-generation/smoothnav-6878-6893/main_container_for_smoothnav/node_modules/@babel/parser/lib/index.js:10471:17)
    at FlowParserMixin.parseStatementContent (/home/kavia/workspace/code-generation/smoothnav-6878-6893/main_container_for_smoothnav/node_modules/@babel/parser/lib/index.js:12539:23)
    at FlowParserMixin.parseStatementLike (/home/kavia/workspace/code-generation/smoothnav-6878-6893/main_container_for_smoothnav/node_modules/@babel/parser/lib/index.js:12406:17)
    at FlowParserMixin.parseStatementLike (/home/kavia/workspace/code-generation/smoothnav-6878-6893/main_container_for_smoothnav/node_modules/@babel/parser/lib/index.js:5140:24)
    at FlowParserMixin.parseStatementListItem (/home/kavia/workspace/code-generation/smoothnav-6878-6893/main_container_for_smoothnav/node_modules/@babel/parser/lib/index.js:12386:17)
    at FlowParserMixin.parseBlockOrModuleBlockBody (/home/kavia/workspace/code-generation/smoothnav-6878-6893/main_container_for_smoothnav/node_modules/@babel/parser/lib/index.js:12960:61)
    at FlowParserMixin.parseBlockBody (/home/kavia/workspace/code-generation/smoothnav-6878-6893/main_container_for_smoothnav/node_modules/@babel/parser/lib/index.js:12953:10)
    at FlowParserMixin.parseBlock (/home/kavia/workspace/code-generation/smoothnav-6878-6893/main_container_for_smoothnav/node_modules/@babel/parser/lib/index.js:12941:10)
    at FlowParserMixin.parseFunctionBody (/home/kavia/workspace/code-generation/smoothnav-6878-6893/main_container_for_smoothnav/node_modules/@babel/parser/lib/index.js:11783:24)
    at /home/kavia/workspace/code-generation/smoothnav-6878-6893/main_container_for_smoothnav/node_modules/@babel/parser/lib/index.js:5114:63
    at FlowParserMixin.forwardNoArrowParamsConversionAt (/home/kavia/workspace/code-generation/smoothnav-6878-6893/main_container_for_smoothnav/node_modules/@babel/parser/lib/index.js:5290:16)
    at FlowParserMixin.parseFunctionBody (/home/kavia/workspace/code-generation/smoothnav-6878-6893/main_container_for_smoothnav/node_modules/@babel/parser/lib/index.js:5114:12)
    at FlowParserMixin.parseArrowExpression (/home/kavia/workspace/code-generation/smoothnav-6878-6893/main_container_for_smoothnav/node_modules/@babel/parser/lib/index.js:11758:10)
    at FlowParserMixin.parseParenAndDistinguishExpression (/home/kavia/workspace/code-generation/smoothnav-6878-6893/main_container_for_smoothnav/node_modules/@babel/parser/lib/index.js:11371:12)
    at FlowParserMixin.parseParenAndDistinguishExpression (/home/kavia/workspace/code-generation/smoothnav-6878-6893/main_container_for_smoothnav/node_modules/@babel/parser/lib/index.js:5815:18)
    at FlowParserMixin.parseExprAtom (/home/kavia/workspace/code-generation/smoothnav-6878-6893/main_container_for_smoothnav/node_modules/@babel/parser/lib/index.js:11006:23)
    at FlowParserMixin.parseExprAtom (/home/kavia/workspace/code-generation/smoothnav-6878-6893/main_container_for_smoothnav/node_modules/@babel/parser/lib/index.js:6937:20)
    at FlowParserMixin.parseExprSubscripts (/home/kavia/workspace/code-generation/smoothnav-6878-6893/main_container_for_smoothnav/node_modules/@babel/parser/lib/index.js:10758:23)
    at FlowParserMixin.parseUpdate (/home/kavia/workspace/code-generation/smoothnav-6878-6893/main_container_for_smoothnav/node_modules/@babel/parser/lib/index.js:10743:21)
    at FlowParserMixin.parseMaybeUnary (/home/kavia/workspace/code-generation/smoothnav-6878-6893/main_container_for_smoothnav/node_modules/@babel/parser/lib/index.js:10723:23)
    at FlowParserMixin.parseMaybeUnaryOrPrivate (/home/kavia/workspace/code-generation/smoothnav-6878-6893/main_container_for_smoothnav/node_modules/@babel/parser/lib/index.js:10576:61)
    at FlowParserMixin.parseExprOps (/home/kavia/workspace/code-generation/smoothnav-6878-6893/main_container_for_smoothnav/node_modules/@babel/parser/lib/index.js:10581:23)
    at FlowParserMixin.parseMaybeConditional (/home/kavia/workspace/code-generation/smoothnav-6878-6893/main_container_for_smoothnav/node_modules/@babel/parser/lib/index.js:10558:23)
    at FlowParserMixin.parseMaybeAssign (/home/kavia/workspace/code-generation/smoothnav-6878-6893/main_container_for_smoothnav/node_modules/@babel/parser/lib/index.js:10521:21)
    at FlowParserMixin.parseMaybeAssign (/home/kavia/workspace/code-generation/smoothnav-6878-6893/main_container_for_smoothnav/node_modules/@babel/parser/lib/index.js:5773:18)
    at /home/kavia/workspace/code-generation/smoothnav-6878-6893/main_container_for_smoothnav/node_modules/@babel/parser/lib/index.js:10491:39
    at FlowParserMixin.allowInAnd (/home/kavia/workspace/code-generation/smoothnav-6878-6893/main_container_for_smoothnav/node_modules/@babel/parser/lib/index.js:12095:16)
    at FlowParserMixin.parseMaybeAssignAllowIn (/home/kavia/workspace/code-generation/smoothnav-6878-6893/main_container_for_smoothnav/node_modules/@babel/parser/lib/index.js:10491:17)
    at FlowParserMixin.parseVar (/home/kavia/workspace/code-generation/smoothnav-6878-6893/main_container_for_smoothnav/node_modules/@babel/parser/lib/index.js:13028:91)
    at FlowParserMixin.parseVarStatement (/home/kavia/workspace/code-generation/smoothnav-6878-6893/main_container_for_smoothnav/node_modules/@babel/parser/lib/index.js:12874:10)
    at FlowParserMixin.parseStatementContent (/home/kavia/workspace/code-generation/smoothnav-6878-6893/main_container_for_smoothnav/node_modules/@babel/parser/lib/index.js:12489:23)
    at FlowParserMixin.parseStatementLike (/home/kavia/workspace/code-generation/smoothnav-6878-6893/main_container_for_smoothnav/node_modules/@babel/parser/lib/index.js:12406:17)
    at FlowParserMixin.parseStatementLike (/home/kavia/workspace/code-generation/smoothnav-6878-6893/main_container_for_smoothnav/node_modules/@babel/parser/lib/index.js:5140:24)
    at FlowParserMixin.parseModuleItem (/home/kavia/workspace/code-generation/smoothnav-6878-6893/main_container_for_smoothnav/node_modules/@babel/parser/lib/index.js:12383:17)

ERROR in [eslint] 
src/components/SmoothNav/index.js
  Line 31:  Parsing error: Unexpected token (31:0)

webpack compiled with 2 errors
Compiling...
Failed to compile.

[eslint] 
src/components/SmoothNav/index.js
Syntax error: Unexpected token (25:3) (25:3)
ERROR in ./src/components/SmoothNav/index.js
Module build failed (from ./node_modules/babel-loader/lib/index.js):
SyntaxError: /home/kavia/workspace/code-generation/smoothnav-6878-6893/main_container_for_smoothnav/src/components/SmoothNav/index.js: Unexpected token (25:3)

  23 |   showThemeToggle = true,
  24 |   defaultTheme = 'dark'
> 25 | =======
     |    ^
  26 | =======
  27 |
  28 |   // Close mobile menu when window is resized beyond mobile breakpoint
    at constructor (/home/kavia/workspace/code-generation/smoothnav-6878-6893/main_container_for_smoothnav/node_modules/@babel/parser/lib/index.js:360:19)
    at FlowParserMixin.raise (/home/kavia/workspace/code-generation/smoothnav-6878-6893/main_container_for_smoothnav/node_modules/@babel/parser/lib/index.js:3327:19)
    at FlowParserMixin.unexpected (/home/kavia/workspace/code-generation/smoothnav-6878-6893/main_container_for_smoothnav/node_modules/@babel/parser/lib/index.js:3347:16)
    at FlowParserMixin.parseExprAtom (/home/kavia/workspace/code-generation/smoothnav-6878-6893/main_container_for_smoothnav/node_modules/@babel/parser/lib/index.js:11126:16)
    at FlowParserMixin.parseExprAtom (/home/kavia/workspace/code-generation/smoothnav-6878-6893/main_container_for_smoothnav/node_modules/@babel/parser/lib/index.js:6937:20)
    at FlowParserMixin.parseExprSubscripts (/home/kavia/workspace/code-generation/smoothnav-6878-6893/main_container_for_smoothnav/node_modules/@babel/parser/lib/index.js:10758:23)
    at FlowParserMixin.parseUpdate (/home/kavia/workspace/code-generation/smoothnav-6878-6893/main_container_for_smoothnav/node_modules/@babel/parser/lib/index.js:10743:21)
    at FlowParserMixin.parseMaybeUnary (/home/kavia/workspace/code-generation/smoothnav-6878-6893/main_container_for_smoothnav/node_modules/@babel/parser/lib/index.js:10723:23)
    at FlowParserMixin.parseMaybeUnaryOrPrivate (/home/kavia/workspace/code-generation/smoothnav-6878-6893/main_container_for_smoothnav/node_modules/@babel/parser/lib/index.js:10576:61)
    at FlowParserMixin.parseExprOpBaseRightExpr (/home/kavia/workspace/code-generation/smoothnav-6878-6893/main_container_for_smoothnav/node_modules/@babel/parser/lib/index.js:10663:34)
    at FlowParserMixin.parseExprOpRightExpr (/home/kavia/workspace/code-generation/smoothnav-6878-6893/main_container_for_smoothnav/node_modules/@babel/parser/lib/index.js:10658:21)
    at FlowParserMixin.parseExprOp (/home/kavia/workspace/code-generation/smoothnav-6878-6893/main_container_for_smoothnav/node_modules/@babel/parser/lib/index.js:10624:27)
    at FlowParserMixin.parseExprOps (/home/kavia/workspace/code-generation/smoothnav-6878-6893/main_container_for_smoothnav/node_modules/@babel/parser/lib/index.js:10585:17)
    at FlowParserMixin.parseMaybeConditional (/home/kavia/workspace/code-generation/smoothnav-6878-6893/main_container_for_smoothnav/node_modules/@babel/parser/lib/index.js:10558:23)
    at FlowParserMixin.parseMaybeAssign (/home/kavia/workspace/code-generation/smoothnav-6878-6893/main_container_for_smoothnav/node_modules/@babel/parser/lib/index.js:10521:21)
    at FlowParserMixin.parseMaybeAssign (/home/kavia/workspace/code-generation/smoothnav-6878-6893/main_container_for_smoothnav/node_modules/@babel/parser/lib/index.js:5773:18)
    at /home/kavia/workspace/code-generation/smoothnav-6878-6893/main_container_for_smoothnav/node_modules/@babel/parser/lib/index.js:10491:39
    at FlowParserMixin.allowInAnd (/home/kavia/workspace/code-generation/smoothnav-6878-6893/main_container_for_smoothnav/node_modules/@babel/parser/lib/index.js:12100:12)
    at FlowParserMixin.parseMaybeAssignAllowIn (/home/kavia/workspace/code-generation/smoothnav-6878-6893/main_container_for_smoothnav/node_modules/@babel/parser/lib/index.js:10491:17)
    at FlowParserMixin.parseMaybeDefault (/home/kavia/workspace/code-generation/smoothnav-6878-6893/main_container_for_smoothnav/node_modules/@babel/parser/lib/index.js:7370:23)
    at FlowParserMixin.parseMaybeDefault (/home/kavia/workspace/code-generation/smoothnav-6878-6893/main_container_for_smoothnav/node_modules/@babel/parser/lib/index.js:5591:24)
    at FlowParserMixin.parseObjectProperty (/home/kavia/workspace/code-generation/smoothnav-6878-6893/main_container_for_smoothnav/node_modules/@babel/parser/lib/index.js:11652:27)
    at FlowParserMixin.parseObjPropValue (/home/kavia/workspace/code-generation/smoothnav-6878-6893/main_container_for_smoothnav/node_modules/@babel/parser/lib/index.js:11661:100)
    at FlowParserMixin.parseObjPropValue (/home/kavia/workspace/code-generation/smoothnav-6878-6893/main_container_for_smoothnav/node_modules/@babel/parser/lib/index.js:5563:26)
    at FlowParserMixin.parsePropertyDefinition (/home/kavia/workspace/code-generation/smoothnav-6878-6893/main_container_for_smoothnav/node_modules/@babel/parser/lib/index.js:11601:17)
    at FlowParserMixin.parseObjectLike (/home/kavia/workspace/code-generation/smoothnav-6878-6893/main_container_for_smoothnav/node_modules/@babel/parser/lib/index.js:11516:21)
    at FlowParserMixin.parseExprAtom (/home/kavia/workspace/code-generation/smoothnav-6878-6893/main_container_for_smoothnav/node_modules/@babel/parser/lib/index.js:11024:23)
    at FlowParserMixin.parseExprAtom (/home/kavia/workspace/code-generation/smoothnav-6878-6893/main_container_for_smoothnav/node_modules/@babel/parser/lib/index.js:6937:20)
    at FlowParserMixin.parseExprSubscripts (/home/kavia/workspace/code-generation/smoothnav-6878-6893/main_container_for_smoothnav/node_modules/@babel/parser/lib/index.js:10758:23)
    at FlowParserMixin.parseUpdate (/home/kavia/workspace/code-generation/smoothnav-6878-6893/main_container_for_smoothnav/node_modules/@babel/parser/lib/index.js:10743:21)
    at FlowParserMixin.parseMaybeUnary (/home/kavia/workspace/code-generation/smoothnav-6878-6893/main_container_for_smoothnav/node_modules/@babel/parser/lib/index.js:10723:23)
    at FlowParserMixin.parseMaybeUnaryOrPrivate (/home/kavia/workspace/code-generation/smoothnav-6878-6893/main_container_for_smoothnav/node_modules/@babel/parser/lib/index.js:10576:61)
    at FlowParserMixin.parseExprOps (/home/kavia/workspace/code-generation/smoothnav-6878-6893/main_container_for_smoothnav/node_modules/@babel/parser/lib/index.js:10581:23)
    at FlowParserMixin.parseMaybeConditional (/home/kavia/workspace/code-generation/smoothnav-6878-6893/main_container_for_smoothnav/node_modules/@babel/parser/lib/index.js:10558:23)
    at FlowParserMixin.parseMaybeAssign (/home/kavia/workspace/code-generation/smoothnav-6878-6893/main_container_for_smoothnav/node_modules/@babel/parser/lib/index.js:10521:21)
    at FlowParserMixin.parseMaybeAssign (/home/kavia/workspace/code-generation/smoothnav-6878-6893/main_container_for_smoothnav/node_modules/@babel/parser/lib/index.js:5773:18)
    at /home/kavia/workspace/code-generation/smoothnav-6878-6893/main_container_for_smoothnav/node_modules/@babel/parser/lib/index.js:10491:39
    at FlowParserMixin.allowInAnd (/home/kavia/workspace/code-generation/smoothnav-6878-6893/main_container_for_smoothnav/node_modules/@babel/parser/lib/index.js:12100:12)
    at FlowParserMixin.parseMaybeAssignAllowIn (/home/kavia/workspace/code-generation/smoothnav-6878-6893/main_container_for_smoothnav/node_modules/@babel/parser/lib/index.js:10491:17)
    at FlowParserMixin.parseParenAndDistinguishExpression (/home/kavia/workspace/code-generation/smoothnav-6878-6893/main_container_for_smoothnav/node_modules/@babel/parser/lib/index.js:11359:28)
    at FlowParserMixin.parseParenAndDistinguishExpression (/home/kavia/workspace/code-generation/smoothnav-6878-6893/main_container_for_smoothnav/node_modules/@babel/parser/lib/index.js:5815:18)
    at FlowParserMixin.parseExprAtom (/home/kavia/workspace/code-generation/smoothnav-6878-6893/main_container_for_smoothnav/node_modules/@babel/parser/lib/index.js:11006:23)
    at FlowParserMixin.parseExprAtom (/home/kavia/workspace/code-generation/smoothnav-6878-6893/main_container_for_smoothnav/node_modules/@babel/parser/lib/index.js:6937:20)
    at FlowParserMixin.parseExprSubscripts (/home/kavia/workspace/code-generation/smoothnav-6878-6893/main_container_for_smoothnav/node_modules/@babel/parser/lib/index.js:10758:23)
    at FlowParserMixin.parseUpdate (/home/kavia/workspace/code-generation/smoothnav-6878-6893/main_container_for_smoothnav/node_modules/@babel/parser/lib/index.js:10743:21)
    at FlowParserMixin.parseMaybeUnary (/home/kavia/workspace/code-generation/smoothnav-6878-6893/main_container_for_smoothnav/node_modules/@babel/parser/lib/index.js:10723:23)
    at FlowParserMixin.parseMaybeUnaryOrPrivate (/home/kavia/workspace/code-generation/smoothnav-6878-6893/main_container_for_smoothnav/node_modules/@babel/parser/lib/index.js:10576:61)
    at FlowParserMixin.parseExprOps (/home/kavia/workspace/code-generation/smoothnav-6878-6893/main_container_for_smoothnav/node_modules/@babel/parser/lib/index.js:10581:23)
    at FlowParserMixin.parseMaybeConditional (/home/kavia/workspace/code-generation/smoothnav-6878-6893/main_container_for_smoothnav/node_modules/@babel/parser/lib/index.js:10558:23)
    at FlowParserMixin.parseMaybeAssign (/home/kavia/workspace/code-generation/smoothnav-6878-6893/main_container_for_smoothnav/node_modules/@babel/parser/lib/index.js:10521:21)

ERROR in [eslint] 
src/components/SmoothNav/index.js
  Line 25:3:  Parsing error: Unexpected token (25:3)

webpack compiled with 2 errors
Compiling...
Failed to compile.

[eslint] 
src/components/SmoothNav/index.js
Syntax error: Unexpected token (25:3) (25:3)
ERROR in ./src/components/SmoothNav/index.js
Module build failed (from ./node_modules/babel-loader/lib/index.js):
SyntaxError: /home/kavia/workspace/code-generation/smoothnav-6878-6893/main_container_for_smoothnav/src/components/SmoothNav/index.js: Unexpected token (25:3)

  23 |   showThemeToggle = true,
  24 |   defaultTheme = 'dark'
> 25 | =======
     |    ^
  26 |
  27 |   // Close mobile menu when window is resized beyond mobile breakpoint
  28 |   useEffect(() => {
    at constructor (/home/kavia/workspace/code-generation/smoothnav-6878-6893/main_container_for_smoothnav/node_modules/@babel/parser/lib/index.js:360:19)
    at FlowParserMixin.raise (/home/kavia/workspace/code-generation/smoothnav-6878-6893/main_container_for_smoothnav/node_modules/@babel/parser/lib/index.js:3327:19)
    at FlowParserMixin.unexpected (/home/kavia/workspace/code-generation/smoothnav-6878-6893/main_container_for_smoothnav/node_modules/@babel/parser/lib/index.js:3347:16)
    at FlowParserMixin.parseExprAtom (/home/kavia/workspace/code-generation/smoothnav-6878-6893/main_container_for_smoothnav/node_modules/@babel/parser/lib/index.js:11126:16)
    at FlowParserMixin.parseExprAtom (/home/kavia/workspace/code-generation/smoothnav-6878-6893/main_container_for_smoothnav/node_modules/@babel/parser/lib/index.js:6937:20)
    at FlowParserMixin.parseExprSubscripts (/home/kavia/workspace/code-generation/smoothnav-6878-6893/main_container_for_smoothnav/node_modules/@babel/parser/lib/index.js:10758:23)
    at FlowParserMixin.parseUpdate (/home/kavia/workspace/code-generation/smoothnav-6878-6893/main_container_for_smoothnav/node_modules/@babel/parser/lib/index.js:10743:21)
    at FlowParserMixin.parseMaybeUnary (/home/kavia/workspace/code-generation/smoothnav-6878-6893/main_container_for_smoothnav/node_modules/@babel/parser/lib/index.js:10723:23)
    at FlowParserMixin.parseMaybeUnaryOrPrivate (/home/kavia/workspace/code-generation/smoothnav-6878-6893/main_container_for_smoothnav/node_modules/@babel/parser/lib/index.js:10576:61)
    at FlowParserMixin.parseExprOpBaseRightExpr (/home/kavia/workspace/code-generation/smoothnav-6878-6893/main_container_for_smoothnav/node_modules/@babel/parser/lib/index.js:10663:34)
    at FlowParserMixin.parseExprOpRightExpr (/home/kavia/workspace/code-generation/smoothnav-6878-6893/main_container_for_smoothnav/node_modules/@babel/parser/lib/index.js:10658:21)
    at FlowParserMixin.parseExprOp (/home/kavia/workspace/code-generation/smoothnav-6878-6893/main_container_for_smoothnav/node_modules/@babel/parser/lib/index.js:10624:27)
    at FlowParserMixin.parseExprOps (/home/kavia/workspace/code-generation/smoothnav-6878-6893/main_container_for_smoothnav/node_modules/@babel/parser/lib/index.js:10585:17)
    at FlowParserMixin.parseMaybeConditional (/home/kavia/workspace/code-generation/smoothnav-6878-6893/main_container_for_smoothnav/node_modules/@babel/parser/lib/index.js:10558:23)
    at FlowParserMixin.parseMaybeAssign (/home/kavia/workspace/code-generation/smoothnav-6878-6893/main_container_for_smoothnav/node_modules/@babel/parser/lib/index.js:10521:21)
    at FlowParserMixin.parseMaybeAssign (/home/kavia/workspace/code-generation/smoothnav-6878-6893/main_container_for_smoothnav/node_modules/@babel/parser/lib/index.js:5773:18)
    at /home/kavia/workspace/code-generation/smoothnav-6878-6893/main_container_for_smoothnav/node_modules/@babel/parser/lib/index.js:10491:39
    at FlowParserMixin.allowInAnd (/home/kavia/workspace/code-generation/smoothnav-6878-6893/main_container_for_smoothnav/node_modules/@babel/parser/lib/index.js:12100:12)
    at FlowParserMixin.parseMaybeAssignAllowIn (/home/kavia/workspace/code-generation/smoothnav-6878-6893/main_container_for_smoothnav/node_modules/@babel/parser/lib/index.js:10491:17)
    at FlowParserMixin.parseMaybeDefault (/home/kavia/workspace/code-generation/smoothnav-6878-6893/main_container_for_smoothnav/node_modules/@babel/parser/lib/index.js:7370:23)
    at FlowParserMixin.parseMaybeDefault (/home/kavia/workspace/code-generation/smoothnav-6878-6893/main_container_for_smoothnav/node_modules/@babel/parser/lib/index.js:5591:24)
    at FlowParserMixin.parseObjectProperty (/home/kavia/workspace/code-generation/smoothnav-6878-6893/main_container_for_smoothnav/node_modules/@babel/parser/lib/index.js:11652:27)
    at FlowParserMixin.parseObjPropValue (/home/kavia/workspace/code-generation/smoothnav-6878-6893/main_container_for_smoothnav/node_modules/@babel/parser/lib/index.js:11661:100)
    at FlowParserMixin.parseObjPropValue (/home/kavia/workspace/code-generation/smoothnav-6878-6893/main_container_for_smoothnav/node_modules/@babel/parser/lib/index.js:5563:26)
    at FlowParserMixin.parsePropertyDefinition (/home/kavia/workspace/code-generation/smoothnav-6878-6893/main_container_for_smoothnav/node_modules/@babel/parser/lib/index.js:11601:17)
    at FlowParserMixin.parseObjectLike (/home/kavia/workspace/code-generation/smoothnav-6878-6893/main_container_for_smoothnav/node_modules/@babel/parser/lib/index.js:11516:21)
    at FlowParserMixin.parseExprAtom (/home/kavia/workspace/code-generation/smoothnav-6878-6893/main_container_for_smoothnav/node_modules/@babel/parser/lib/index.js:11024:23)
    at FlowParserMixin.parseExprAtom (/home/kavia/workspace/code-generation/smoothnav-6878-6893/main_container_for_smoothnav/node_modules/@babel/parser/lib/index.js:6937:20)
    at FlowParserMixin.parseExprSubscripts (/home/kavia/workspace/code-generation/smoothnav-6878-6893/main_container_for_smoothnav/node_modules/@babel/parser/lib/index.js:10758:23)
    at FlowParserMixin.parseUpdate (/home/kavia/workspace/code-generation/smoothnav-6878-6893/main_container_for_smoothnav/node_modules/@babel/parser/lib/index.js:10743:21)
    at FlowParserMixin.parseMaybeUnary (/home/kavia/workspace/code-generation/smoothnav-6878-6893/main_container_for_smoothnav/node_modules/@babel/parser/lib/index.js:10723:23)
    at FlowParserMixin.parseMaybeUnaryOrPrivate (/home/kavia/workspace/code-generation/smoothnav-6878-6893/main_container_for_smoothnav/node_modules/@babel/parser/lib/index.js:10576:61)
    at FlowParserMixin.parseExprOps (/home/kavia/workspace/code-generation/smoothnav-6878-6893/main_container_for_smoothnav/node_modules/@babel/parser/lib/index.js:10581:23)
    at FlowParserMixin.parseMaybeConditional (/home/kavia/workspace/code-generation/smoothnav-6878-6893/main_container_for_smoothnav/node_modules/@babel/parser/lib/index.js:10558:23)
    at FlowParserMixin.parseMaybeAssign (/home/kavia/workspace/code-generation/smoothnav-6878-6893/main_container_for_smoothnav/node_modules/@babel/parser/lib/index.js:10521:21)
    at FlowParserMixin.parseMaybeAssign (/home/kavia/workspace/code-generation/smoothnav-6878-6893/main_container_for_smoothnav/node_modules/@babel/parser/lib/index.js:5773:18)
    at /home/kavia/workspace/code-generation/smoothnav-6878-6893/main_container_for_smoothnav/node_modules/@babel/parser/lib/index.js:10491:39
    at FlowParserMixin.allowInAnd (/home/kavia/workspace/code-generation/smoothnav-6878-6893/main_container_for_smoothnav/node_modules/@babel/parser/lib/index.js:12100:12)
    at FlowParserMixin.parseMaybeAssignAllowIn (/home/kavia/workspace/code-generation/smoothnav-6878-6893/main_container_for_smoothnav/node_modules/@babel/parser/lib/index.js:10491:17)
    at FlowParserMixin.parseParenAndDistinguishExpression (/home/kavia/workspace/code-generation/smoothnav-6878-6893/main_container_for_smoothnav/node_modules/@babel/parser/lib/index.js:11359:28)
    at FlowParserMixin.parseParenAndDistinguishExpression (/home/kavia/workspace/code-generation/smoothnav-6878-6893/main_container_for_smoothnav/node_modules/@babel/parser/lib/index.js:5815:18)
    at FlowParserMixin.parseExprAtom (/home/kavia/workspace/code-generation/smoothnav-6878-6893/main_container_for_smoothnav/node_modules/@babel/parser/lib/index.js:11006:23)
    at FlowParserMixin.parseExprAtom (/home/kavia/workspace/code-generation/smoothnav-6878-6893/main_container_for_smoothnav/node_modules/@babel/parser/lib/index.js:6937:20)
    at FlowParserMixin.parseExprSubscripts (/home/kavia/workspace/code-generation/smoothnav-6878-6893/main_container_for_smoothnav/node_modules/@babel/parser/lib/index.js:10758:23)
    at FlowParserMixin.parseUpdate (/home/kavia/workspace/code-generation/smoothnav-6878-6893/main_container_for_smoothnav/node_modules/@babel/parser/lib/index.js:10743:21)
    at FlowParserMixin.parseMaybeUnary (/home/kavia/workspace/code-generation/smoothnav-6878-6893/main_container_for_smoothnav/node_modules/@babel/parser/lib/index.js:10723:23)
    at FlowParserMixin.parseMaybeUnaryOrPrivate (/home/kavia/workspace/code-generation/smoothnav-6878-6893/main_container_for_smoothnav/node_modules/@babel/parser/lib/index.js:10576:61)
    at FlowParserMixin.parseExprOps (/home/kavia/workspace/code-generation/smoothnav-6878-6893/main_container_for_smoothnav/node_modules/@babel/parser/lib/index.js:10581:23)
    at FlowParserMixin.parseMaybeConditional (/home/kavia/workspace/code-generation/smoothnav-6878-6893/main_container_for_smoothnav/node_modules/@babel/parser/lib/index.js:10558:23)
    at FlowParserMixin.parseMaybeAssign (/home/kavia/workspace/code-generation/smoothnav-6878-6893/main_container_for_smoothnav/node_modules/@babel/parser/lib/index.js:10521:21)

ERROR in [eslint] 
src/components/SmoothNav/index.js
  Line 25:3:  Parsing error: Unexpected token (25:3)

webpack compiled with 2 errors
Compiling...
Failed to compile.

[eslint] 
src/components/SmoothNav/index.js
Syntax error: Unexpected token (25:3) (25:3)
ERROR in ./src/components/SmoothNav/index.js
Module build failed (from ./node_modules/babel-loader/lib/index.js):
SyntaxError: /home/kavia/workspace/code-generation/smoothnav-6878-6893/main_container_for_smoothnav/src/components/SmoothNav/index.js: Unexpected token (25:3)

  23 |   showThemeToggle = true,
  24 |   defaultTheme = 'dark'
> 25 | =======
     |    ^
  26 |
  27 |   // Close mobile menu when window is resized beyond mobile breakpoint
  28 |   useEffect(() => {
    at constructor (/home/kavia/workspace/code-generation/smoothnav-6878-6893/main_container_for_smoothnav/node_modules/@babel/parser/lib/index.js:360:19)
    at FlowParserMixin.raise (/home/kavia/workspace/code-generation/smoothnav-6878-6893/main_container_for_smoothnav/node_modules/@babel/parser/lib/index.js:3327:19)
    at FlowParserMixin.unexpected (/home/kavia/workspace/code-generation/smoothnav-6878-6893/main_container_for_smoothnav/node_modules/@babel/parser/lib/index.js:3347:16)
    at FlowParserMixin.parseExprAtom (/home/kavia/workspace/code-generation/smoothnav-6878-6893/main_container_for_smoothnav/node_modules/@babel/parser/lib/index.js:11126:16)
    at FlowParserMixin.parseExprAtom (/home/kavia/workspace/code-generation/smoothnav-6878-6893/main_container_for_smoothnav/node_modules/@babel/parser/lib/index.js:6937:20)
    at FlowParserMixin.parseExprSubscripts (/home/kavia/workspace/code-generation/smoothnav-6878-6893/main_container_for_smoothnav/node_modules/@babel/parser/lib/index.js:10758:23)
    at FlowParserMixin.parseUpdate (/home/kavia/workspace/code-generation/smoothnav-6878-6893/main_container_for_smoothnav/node_modules/@babel/parser/lib/index.js:10743:21)
    at FlowParserMixin.parseMaybeUnary (/home/kavia/workspace/code-generation/smoothnav-6878-6893/main_container_for_smoothnav/node_modules/@babel/parser/lib/index.js:10723:23)
    at FlowParserMixin.parseMaybeUnaryOrPrivate (/home/kavia/workspace/code-generation/smoothnav-6878-6893/main_container_for_smoothnav/node_modules/@babel/parser/lib/index.js:10576:61)
    at FlowParserMixin.parseExprOpBaseRightExpr (/home/kavia/workspace/code-generation/smoothnav-6878-6893/main_container_for_smoothnav/node_modules/@babel/parser/lib/index.js:10663:34)
    at FlowParserMixin.parseExprOpRightExpr (/home/kavia/workspace/code-generation/smoothnav-6878-6893/main_container_for_smoothnav/node_modules/@babel/parser/lib/index.js:10658:21)
    at FlowParserMixin.parseExprOp (/home/kavia/workspace/code-generation/smoothnav-6878-6893/main_container_for_smoothnav/node_modules/@babel/parser/lib/index.js:10624:27)
    at FlowParserMixin.parseExprOps (/home/kavia/workspace/code-generation/smoothnav-6878-6893/main_container_for_smoothnav/node_modules/@babel/parser/lib/index.js:10585:17)
    at FlowParserMixin.parseMaybeConditional (/home/kavia/workspace/code-generation/smoothnav-6878-6893/main_container_for_smoothnav/node_modules/@babel/parser/lib/index.js:10558:23)
    at FlowParserMixin.parseMaybeAssign (/home/kavia/workspace/code-generation/smoothnav-6878-6893/main_container_for_smoothnav/node_modules/@babel/parser/lib/index.js:10521:21)
    at FlowParserMixin.parseMaybeAssign (/home/kavia/workspace/code-generation/smoothnav-6878-6893/main_container_for_smoothnav/node_modules/@babel/parser/lib/index.js:5773:18)
    at /home/kavia/workspace/code-generation/smoothnav-6878-6893/main_container_for_smoothnav/node_modules/@babel/parser/lib/index.js:10491:39
    at FlowParserMixin.allowInAnd (/home/kavia/workspace/code-generation/smoothnav-6878-6893/main_container_for_smoothnav/node_modules/@babel/parser/lib/index.js:12100:12)
    at FlowParserMixin.parseMaybeAssignAllowIn (/home/kavia/workspace/code-generation/smoothnav-6878-6893/main_container_for_smoothnav/node_modules/@babel/parser/lib/index.js:10491:17)
    at FlowParserMixin.parseMaybeDefault (/home/kavia/workspace/code-generation/smoothnav-6878-6893/main_container_for_smoothnav/node_modules/@babel/parser/lib/index.js:7370:23)
    at FlowParserMixin.parseMaybeDefault (/home/kavia/workspace/code-generation/smoothnav-6878-6893/main_container_for_smoothnav/node_modules/@babel/parser/lib/index.js:5591:24)
    at FlowParserMixin.parseObjectProperty (/home/kavia/workspace/code-generation/smoothnav-6878-6893/main_container_for_smoothnav/node_modules/@babel/parser/lib/index.js:11652:27)
    at FlowParserMixin.parseObjPropValue (/home/kavia/workspace/code-generation/smoothnav-6878-6893/main_container_for_smoothnav/node_modules/@babel/parser/lib/index.js:11661:100)
    at FlowParserMixin.parseObjPropValue (/home/kavia/workspace/code-generation/smoothnav-6878-6893/main_container_for_smoothnav/node_modules/@babel/parser/lib/index.js:5563:26)
    at FlowParserMixin.parsePropertyDefinition (/home/kavia/workspace/code-generation/smoothnav-6878-6893/main_container_for_smoothnav/node_modules/@babel/parser/lib/index.js:11601:17)
    at FlowParserMixin.parseObjectLike (/home/kavia/workspace/code-generation/smoothnav-6878-6893/main_container_for_smoothnav/node_modules/@babel/parser/lib/index.js:11516:21)
    at FlowParserMixin.parseExprAtom (/home/kavia/workspace/code-generation/smoothnav-6878-6893/main_container_for_smoothnav/node_modules/@babel/parser/lib/index.js:11024:23)
    at FlowParserMixin.parseExprAtom (/home/kavia/workspace/code-generation/smoothnav-6878-6893/main_container_for_smoothnav/node_modules/@babel/parser/lib/index.js:6937:20)
    at FlowParserMixin.parseExprSubscripts (/home/kavia/workspace/code-generation/smoothnav-6878-6893/main_container_for_smoothnav/node_modules/@babel/parser/lib/index.js:10758:23)
    at FlowParserMixin.parseUpdate (/home/kavia/workspace/code-generation/smoothnav-6878-6893/main_container_for_smoothnav/node_modules/@babel/parser/lib/index.js:10743:21)
    at FlowParserMixin.parseMaybeUnary (/home/kavia/workspace/code-generation/smoothnav-6878-6893/main_container_for_smoothnav/node_modules/@babel/parser/lib/index.js:10723:23)
    at FlowParserMixin.parseMaybeUnaryOrPrivate (/home/kavia/workspace/code-generation/smoothnav-6878-6893/main_container_for_smoothnav/node_modules/@babel/parser/lib/index.js:10576:61)
    at FlowParserMixin.parseExprOps (/home/kavia/workspace/code-generation/smoothnav-6878-6893/main_container_for_smoothnav/node_modules/@babel/parser/lib/index.js:10581:23)
    at FlowParserMixin.parseMaybeConditional (/home/kavia/workspace/code-generation/smoothnav-6878-6893/main_container_for_smoothnav/node_modules/@babel/parser/lib/index.js:10558:23)
    at FlowParserMixin.parseMaybeAssign (/home/kavia/workspace/code-generation/smoothnav-6878-6893/main_container_for_smoothnav/node_modules/@babel/parser/lib/index.js:10521:21)
    at FlowParserMixin.parseMaybeAssign (/home/kavia/workspace/code-generation/smoothnav-6878-6893/main_container_for_smoothnav/node_modules/@babel/parser/lib/index.js:5773:18)
    at /home/kavia/workspace/code-generation/smoothnav-6878-6893/main_container_for_smoothnav/node_modules/@babel/parser/lib/index.js:10491:39
    at FlowParserMixin.allowInAnd (/home/kavia/workspace/code-generation/smoothnav-6878-6893/main_container_for_smoothnav/node_modules/@babel/parser/lib/index.js:12100:12)
    at FlowParserMixin.parseMaybeAssignAllowIn (/home/kavia/workspace/code-generation/smoothnav-6878-6893/main_container_for_smoothnav/node_modules/@babel/parser/lib/index.js:10491:17)
    at FlowParserMixin.parseParenAndDistinguishExpression (/home/kavia/workspace/code-generation/smoothnav-6878-6893/main_container_for_smoothnav/node_modules/@babel/parser/lib/index.js:11359:28)
    at FlowParserMixin.parseParenAndDistinguishExpression (/home/kavia/workspace/code-generation/smoothnav-6878-6893/main_container_for_smoothnav/node_modules/@babel/parser/lib/index.js:5815:18)
    at FlowParserMixin.parseExprAtom (/home/kavia/workspace/code-generation/smoothnav-6878-6893/main_container_for_smoothnav/node_modules/@babel/parser/lib/index.js:11006:23)
    at FlowParserMixin.parseExprAtom (/home/kavia/workspace/code-generation/smoothnav-6878-6893/main_container_for_smoothnav/node_modules/@babel/parser/lib/index.js:6937:20)
    at FlowParserMixin.parseExprSubscripts (/home/kavia/workspace/code-generation/smoothnav-6878-6893/main_container_for_smoothnav/node_modules/@babel/parser/lib/index.js:10758:23)
    at FlowParserMixin.parseUpdate (/home/kavia/workspace/code-generation/smoothnav-6878-6893/main_container_for_smoothnav/node_modules/@babel/parser/lib/index.js:10743:21)
    at FlowParserMixin.parseMaybeUnary (/home/kavia/workspace/code-generation/smoothnav-6878-6893/main_container_for_smoothnav/node_modules/@babel/parser/lib/index.js:10723:23)
    at FlowParserMixin.parseMaybeUnaryOrPrivate (/home/kavia/workspace/code-generation/smoothnav-6878-6893/main_container_for_smoothnav/node_modules/@babel/parser/lib/index.js:10576:61)
    at FlowParserMixin.parseExprOps (/home/kavia/workspace/code-generation/smoothnav-6878-6893/main_container_for_smoothnav/node_modules/@babel/parser/lib/index.js:10581:23)
    at FlowParserMixin.parseMaybeConditional (/home/kavia/workspace/code-generation/smoothnav-6878-6893/main_container_for_smoothnav/node_modules/@babel/parser/lib/index.js:10558:23)
    at FlowParserMixin.parseMaybeAssign (/home/kavia/workspace/code-generation/smoothnav-6878-6893/main_container_for_smoothnav/node_modules/@babel/parser/lib/index.js:10521:21)

ERROR in [eslint] 
src/components/SmoothNav/index.js
  Line 25:3:  Parsing error: Unexpected token (25:3)

webpack compiled with 2 errors
